<?xml version="1.0" encoding="UTF-8"?>
<!-- Generated by org.testng.reporters.JUnitXMLReporter -->
<testsuite ignored="0" hostname="ADMIN" failures="0" tests="5" name="Default test" time="17.668" errors="0" timestamp="2022-07-05T12:12:10 IST">
  <testcase classname="test_Classess.TestClass1" name="VerifyUserNameCanLOgIn" time="17.554"/>
  <testcase classname="test_Classess.TestClass1" name="test2" time="0.004"/>
  <testcase classname="test_Classess.TestClass1" name="test3" time="0.006"/>
  <testcase classname="test_Classess.TestClass1" name="test4" time="0.009"/>
  <testcase classname="test_Classess.TestClass1" name="test5" time="0.003"/>
</testsuite> <!-- Default test -->
